c:\users\andrew w. short\desktop\github\lab 6\debug\vc120.pdb
c:\users\andrew w. short\desktop\github\lab 6\debug\vc120.idb
c:\users\andrew w. short\desktop\github\lab 6\debug\cbkground.obj
c:\users\andrew w. short\desktop\github\lab 6\debug\cinputmgr.obj
c:\users\andrew w. short\desktop\github\lab 6\debug\csprite.obj
c:\users\andrew w. short\desktop\github\lab 6\debug\ctexture.obj
c:\users\andrew w. short\desktop\github\lab 6\debug\ctilemap.obj
c:\users\andrew w. short\desktop\github\lab 6\debug\ctreepicker.obj
c:\users\andrew w. short\desktop\github\lab 6\debug\cwndmanager.obj
c:\users\andrew w. short\desktop\github\lab 6\debug\main.obj
c:\users\andrew w. short\desktop\github\lab 6\debug\treegame.obj
c:\users\andrew w. short\desktop\github\lab 6\debug\windowogl.obj
c:\users\andrew w. short\desktop\github\debug\cartel.ilk
c:\users\andrew w. short\desktop\github\debug\cartel.exe
c:\users\andrew w. short\desktop\github\debug\cartel.pdb
c:\users\andrew w. short\desktop\github\lab 6\debug\cartel.tlog\cl.command.1.tlog
c:\users\andrew w. short\desktop\github\lab 6\debug\cartel.tlog\cl.read.1.tlog
c:\users\andrew w. short\desktop\github\lab 6\debug\cartel.tlog\cl.write.1.tlog
c:\users\andrew w. short\desktop\github\lab 6\debug\cartel.tlog\link.command.1.tlog
c:\users\andrew w. short\desktop\github\lab 6\debug\cartel.tlog\link.read.1.tlog
c:\users\andrew w. short\desktop\github\lab 6\debug\cartel.tlog\link.write.1.tlog
