Build started 19/11/2015 17:41:51.
     1>Project "C:\Users\Andrew W. Short\Desktop\GitHub\Lab 6\Lab 6.vcxproj" on node 2 (Build target(s)).
     1>C:\Program Files (x86)\MSBuild\Microsoft.Cpp\v4.0\V120\Microsoft.CppBuild.targets(388,5): warning MSB8028: The intermediate directory (Debug\) contains files shared from another project (Bond.vcxproj, Cuffs.vcxproj, Lab 6.vcxproj).  This can lead to incorrect clean and rebuild behavior.
     1>ClCompile:
         C:\Program Files (x86)\Microsoft Visual Studio 12.0\VC\bin\CL.exe /c /ZI /nologo /W3 /WX- /sdl /Od /Oy- /D _MBCS /Gm /EHsc /RTC1 /MDd /GS /fp:precise /Zc:wchar_t /Zc:forScope /Fo"Debug\\" /Fd"Debug\vc120.pdb" /Gd /TP /analyze- /errorReport:prompt cTileMap.cpp
         cTileMap.cpp
     1>c:\users\andrew w. short\desktop\github\lab 6\ctilemap.cpp(109): warning C4244: 'argument' : conversion from 'int' to 'GLfloat', possible loss of data
     1>c:\users\andrew w. short\desktop\github\lab 6\ctilemap.cpp(111): warning C4244: 'argument' : conversion from 'int' to 'GLfloat', possible loss of data
     1>c:\users\andrew w. short\desktop\github\lab 6\ctilemap.cpp(113): warning C4244: 'argument' : conversion from 'int' to 'GLfloat', possible loss of data
       Link:
         C:\Program Files (x86)\Microsoft Visual Studio 12.0\VC\bin\link.exe /ERRORREPORT:PROMPT /OUT:"C:\Users\Andrew W. Short\Desktop\GitHub\Debug\Cartel.exe" /INCREMENTAL /NOLOGO kernel32.lib user32.lib gdi32.lib winspool.lib comdlg32.lib advapi32.lib shell32.lib ole32.lib oleaut32.lib uuid.lib odbc32.lib odbccp32.lib /MANIFEST /MANIFESTUAC:"level='asInvoker' uiAccess='false'" /manifest:embed /DEBUG /PDB:"C:\Users\Andrew W. Short\Desktop\GitHub\Debug\Cartel.pdb" /TLBID:1 /DYNAMICBASE /NXCOMPAT /IMPLIB:"C:\Users\Andrew W. Short\Desktop\GitHub\Debug\Cartel.lib" /MACHINE:X86 Debug\cBkGround.obj
         Debug\cInputMgr.obj
         Debug\cSprite.obj
         Debug\cTexture.obj
         Debug\cTileMap.obj
         Debug\cTreePicker.obj
         Debug\cWNDManager.obj
         Debug\main.obj
         Debug\treeGame.obj
         Debug\windowOGL.obj
         Libraries\DevIL.lib
         Libraries\freeglut.lib
         Libraries\ILU.lib
         Libraries\ILUT.lib
         Lab 6.vcxproj -> C:\Users\Andrew W. Short\Desktop\GitHub\Debug\Cartel.exe
     1>Done Building Project "C:\Users\Andrew W. Short\Desktop\GitHub\Lab 6\Lab 6.vcxproj" (Build target(s)).

Build succeeded.

Time Elapsed 00:00:02.01
